Ciclo 1: compresión_datos - 2026-02-01 13:23:52.131801
Ciclo 2: velocidad_procesamiento - 2026-02-01 13:28:55.233282
Ciclo 3: capacidad_memoria - 2026-02-01 13:33:58.124979
Ciclo 4: conexiones_paralelas - 2026-02-01 13:39:00.936201
Ciclo 5: optimización_red_neuronal - 2026-02-01 13:44:03.986422
Ciclo 6: compresión_datos - 2026-02-01 13:49:07.058188
Ciclo 7: velocidad_procesamiento - 2026-02-01 13:54:10.656991
Ciclo 8: capacidad_memoria - 2026-02-01 13:59:13.634896
Ciclo 9: conexiones_paralelas - 2026-02-01 14:04:16.445774
Ciclo 10: optimización_red_neuronal - 2026-02-01 14:09:19.546341
Ciclo 11: compresión_datos - 2026-02-01 14:14:22.418193
Ciclo 12: velocidad_procesamiento - 2026-02-01 14:19:25.592205
Ciclo 13: capacidad_memoria - 2026-02-01 14:24:28.491733
Ciclo 14: conexiones_paralelas - 2026-02-01 14:29:31.547664
Ciclo 15: optimización_red_neuronal - 2026-02-01 14:34:35.162343
Ciclo 16: compresión_datos - 2026-02-01 14:39:38.282800
Ciclo 17: velocidad_procesamiento - 2026-02-01 14:44:42.051138
Ciclo 18: capacidad_memoria - 2026-02-01 14:49:46.154461
Ciclo 19: conexiones_paralelas - 2026-02-01 14:54:49.221105
Ciclo 20: optimización_red_neuronal - 2026-02-01 14:59:54.436657
Ciclo 21: compresión_datos - 2026-02-01 15:04:59.021155
Ciclo 22: velocidad_procesamiento - 2026-02-01 15:10:02.418146
